0 info it worked if it ends with ok
1 verbose cli [ 'node', '/usr/local/bin/npm', 'update', '-g', 'bower' ]
2 info using npm@2.5.1
3 info using node@v0.12.0
4 silly mapToRegistry name bower
5 silly mapToRegistry using default registry
6 silly mapToRegistry registry https://registry.npmjs.org/
7 silly mapToRegistry uri https://registry.npmjs.org/bower
8 verbose request uri https://registry.npmjs.org/bower
9 verbose request no auth needed
10 info attempt registry request try #1 at 9:50:21 AM
11 verbose request id 1ad920987689c264
12 verbose etag "91PMAYPB09VCACCOUUW9J1OE2"
13 http request GET https://registry.npmjs.org/bower
14 http 304 https://registry.npmjs.org/bower
15 silly get cb [ 304,
15 silly get   { date: 'Thu, 09 Apr 2015 01:50:22 GMT',
15 silly get     server: 'Apache',
15 silly get     via: '1.1 varnish',
15 silly get     'last-modified': 'Thu, 09 Apr 2015 01:50:23 GMT',
15 silly get     'cache-control': 'max-age=60',
15 silly get     etag: '"91PMAYPB09VCACCOUUW9J1OE2"',
15 silly get     age: '0',
15 silly get     'x-served-by': 'cache-sn89-SIN',
15 silly get     'x-cache': 'HIT',
15 silly get     'x-cache-hits': '1',
15 silly get     'x-timer': 'S1428544222.369454,VS0,VE1021',
15 silly get     vary: 'Accept',
15 silly get     'content-length': '0',
15 silly get     'keep-alive': 'timeout=10, max=50',
15 silly get     connection: 'Keep-Alive' } ]
16 verbose etag https://registry.npmjs.org/bower from cache
17 verbose get saving bower to /Users/bwantan/.npm/registry.npmjs.org/bower/.cache.json
18 info outdated updating [ [ '/usr/local/lib', 'bower', '1.3.12', '1.4.1', '1.4.1', 'latest' ] ]
19 verbose install where, what [ '/usr/local/lib', [ 'bower@1.4.1' ] ]
20 silly cache add args [ 'bower@1.4.1', null ]
21 verbose cache add spec bower@1.4.1
22 silly cache add parsed spec { raw: 'bower@1.4.1',
22 silly cache add   scope: null,
22 silly cache add   name: 'bower',
22 silly cache add   rawSpec: '1.4.1',
22 silly cache add   spec: '1.4.1',
22 silly cache add   type: 'version' }
23 verbose addNamed bower@1.4.1
24 silly addNamed semver.valid 1.4.1
25 silly addNamed semver.validRange 1.4.1
26 silly mapToRegistry name bower
27 silly mapToRegistry using default registry
28 silly mapToRegistry registry https://registry.npmjs.org/
29 silly mapToRegistry uri https://registry.npmjs.org/bower
30 verbose addNameVersion registry:https://registry.npmjs.org/bower not in flight; fetching
31 verbose request uri https://registry.npmjs.org/bower
32 verbose request no auth needed
33 info attempt registry request try #1 at 9:50:33 AM
34 verbose etag "91PMAYPB09VCACCOUUW9J1OE2"
35 http request GET https://registry.npmjs.org/bower
36 http 304 https://registry.npmjs.org/bower
37 silly get cb [ 304,
37 silly get   { date: 'Thu, 09 Apr 2015 01:50:33 GMT',
37 silly get     server: 'Apache',
37 silly get     via: '1.1 varnish',
37 silly get     'last-modified': 'Thu, 09 Apr 2015 01:48:27 GMT',
37 silly get     'cache-control': 'max-age=60',
37 silly get     etag: '"91PMAYPB09VCACCOUUW9J1OE2"',
37 silly get     age: '10',
37 silly get     'x-served-by': 'cache-sn88-SIN',
37 silly get     'x-cache': 'HIT',
37 silly get     'x-cache-hits': '4',
37 silly get     'x-timer': 'S1428544233.715925,VS0,VE0',
37 silly get     vary: 'Accept',
37 silly get     'content-length': '0',
37 silly get     'keep-alive': 'timeout=10, max=50',
37 silly get     connection: 'Keep-Alive' } ]
38 verbose etag https://registry.npmjs.org/bower from cache
39 verbose get saving bower to /Users/bwantan/.npm/registry.npmjs.org/bower/.cache.json
40 silly cache afterAdd bower@1.4.1
41 verbose afterAdd /Users/bwantan/.npm/bower/1.4.1/package/package.json not in flight; writing
42 verbose afterAdd /Users/bwantan/.npm/bower/1.4.1/package/package.json written
43 silly install resolved [ { name: 'bower',
43 silly install resolved     version: '1.4.1',
43 silly install resolved     description: 'The browser package manager',
43 silly install resolved     author: { name: 'Twitter' },
43 silly install resolved     licenses: [ [Object] ],
43 silly install resolved     repository: { type: 'git', url: 'https://github.com/bower/bower' },
43 silly install resolved     main: 'lib',
43 silly install resolved     homepage: 'http://bower.io',
43 silly install resolved     engines: { node: '>=0.10.0' },
43 silly install resolved     dependencies:
43 silly install resolved      { abbrev: '^1.0.5',
43 silly install resolved        archy: '1.0.0',
43 silly install resolved        'bower-config': '^0.6.1',
43 silly install resolved        'bower-endpoint-parser': '^0.2.2',
43 silly install resolved        'bower-json': '^0.4.0',
43 silly install resolved        'bower-logger': '^0.2.2',
43 silly install resolved        'bower-registry-client': '^0.3.0',
43 silly install resolved        cardinal: '0.4.4',
43 silly install resolved        chalk: '^1.0.0',
43 silly install resolved        chmodr: '0.1.0',
43 silly install resolved        configstore: '^0.3.2',
43 silly install resolved        'decompress-zip': '^0.1.0',
43 silly install resolved        fstream: '^1.0.3',
43 silly install resolved        'fstream-ignore': '^1.0.2',
43 silly install resolved        github: '^0.2.3',
43 silly install resolved        glob: '^4.3.2',
43 silly install resolved        'graceful-fs': '^3.0.5',
43 silly install resolved        handlebars: '^2.0.0',
43 silly install resolved        inquirer: '0.8.0',
43 silly install resolved        insight: '^0.5.0',
43 silly install resolved        'is-root': '^1.0.0',
43 silly install resolved        junk: '^1.0.0',
43 silly install resolved        lockfile: '^1.0.0',
43 silly install resolved        'lru-cache': '^2.5.0',
43 silly install resolved        mkdirp: '0.5.0',
43 silly install resolved        mout: '^0.11.0',
43 silly install resolved        nopt: '^3.0.1',
43 silly install resolved        opn: '^1.0.1',
43 silly install resolved        'p-throttler': '0.1.1',
43 silly install resolved        promptly: '0.2.0',
43 silly install resolved        q: '^1.1.2',
43 silly install resolved        request: '2.53.0',
43 silly install resolved        'request-progress': '0.3.1',
43 silly install resolved        retry: '0.6.1',
43 silly install resolved        rimraf: '^2.2.8',
43 silly install resolved        semver: '^2.3.0',
43 silly install resolved        'shell-quote': '^1.4.2',
43 silly install resolved        'stringify-object': '^1.0.0',
43 silly install resolved        'tar-fs': '^1.4.1',
43 silly install resolved        tmp: '0.0.24',
43 silly install resolved        'update-notifier': '^0.3.0',
43 silly install resolved        'user-home': '^1.1.0',
43 silly install resolved        which: '^1.0.8' },
43 silly install resolved     devDependencies:
43 silly install resolved      { chai: '^1.10.0',
43 silly install resolved        coveralls: '^2.11.2',
43 silly install resolved        'expect.js': '^0.3.1',
43 silly install resolved        grunt: '^0.4.5',
43 silly install resolved        'grunt-cli': '^0.1.13',
43 silly install resolved        'grunt-contrib-jshint': '^0.10.0',
43 silly install resolved        'grunt-contrib-watch': '^0.6.1',
43 silly install resolved        'grunt-exec': '^0.4.6',
43 silly install resolved        'grunt-simple-mocha': '^0.4.0',
43 silly install resolved        istanbul: '^0.3.5',
43 silly install resolved        'load-grunt-tasks': '^2.0.0',
43 silly install resolved        mocha: '^2.1.0',
43 silly install resolved        multiline: '^1.0.2',
43 silly install resolved        nock: '^0.56.0',
43 silly install resolved        'node-uuid': '^1.4.2',
43 silly install resolved        proxyquire: '^1.3.0',
43 silly install resolved        'spawn-sync': '^1.0.5' },
43 silly install resolved     scripts: { test: 'grunt test' },
43 silly install resolved     bin: { bower: 'bin/bower' },
43 silly install resolved     preferGlobal: true,
43 silly install resolved     gitHead: 'a1287416d40f944d58cb8f2e774e2076bfffd32f',
43 silly install resolved     bugs: { url: 'https://github.com/bower/bower/issues' },
43 silly install resolved     _id: 'bower@1.4.1',
43 silly install resolved     _shasum: 'a18be39d030792754f30f1c5b32d37b0156ba8dd',
43 silly install resolved     _from: 'bower@1.4.1',
43 silly install resolved     _npmVersion: '2.7.4',
43 silly install resolved     _nodeVersion: '0.12.0',
43 silly install resolved     _npmUser: { name: 'sheerun', email: 'sheerun@sher.pl' },
43 silly install resolved     maintainers: [ [Object], [Object], [Object], [Object], [Object], [Object] ],
43 silly install resolved     dist:
43 silly install resolved      { shasum: 'a18be39d030792754f30f1c5b32d37b0156ba8dd',
43 silly install resolved        tarball: 'http://registry.npmjs.org/bower/-/bower-1.4.1.tgz' },
43 silly install resolved     directories: {},
43 silly install resolved     _resolved: 'https://registry.npmjs.org/bower/-/bower-1.4.1.tgz',
43 silly install resolved     readme: 'ERROR: No README data found!' } ]
44 info install bower@1.4.1 into /usr/local/lib
45 info installOne bower@1.4.1
46 verbose installOne of bower to /usr/local/lib not in flight; installing
47 verbose lock using /Users/bwantan/.npm/_locks/bower-e8debc5417026b57.lock for /usr/local/lib/node_modules/bower
48 silly install write writing bower 1.4.1 to /usr/local/lib/node_modules/bower
49 silly cache addNamed cb bower@1.4.1
50 verbose unbuild lib/node_modules/bower
51 info preuninstall bower@1.3.12
52 info uninstall bower@1.3.12
53 verbose unbuild rmStuff bower@1.3.12 from /usr/local/lib/node_modules
54 verbose gentlyRm verifying that /usr/local is managed by npm
55 silly isManaged /usr/local/lib/node_modules is inside /usr/local
56 silly gentlyRm /usr/local is managed by npm
57 silly gentlyRm /usr/local/bin/bower is under /usr/local
58 verbose gentlyRm vacuuming /usr/local/bin/bower up to /usr/local
59 info postuninstall bower@1.3.12
60 verbose gentlyRm vacuuming /usr/local/lib/node_modules/bower
61 silly gentlyRm purging /usr/local/lib/node_modules/bower
62 verbose unlock done using /Users/bwantan/.npm/_locks/bower-e8debc5417026b57.lock for /usr/local/lib/node_modules/bower
63 verbose stack Error: EACCES, unlink '/usr/local/lib/node_modules/bower'
63 verbose stack     at Error (native)
64 verbose cwd /Users/bwantan/Documents/SourceCode/Projects/dTraffic
65 error Darwin 14.1.0
66 error argv "node" "/usr/local/bin/npm" "update" "-g" "bower"
67 error node v0.12.0
68 error npm  v2.5.1
69 error path /usr/local/lib/node_modules/bower
70 error code EACCES
71 error errno -13
72 error Error: EACCES, unlink '/usr/local/lib/node_modules/bower'
72 error     at Error (native)
72 error  { [Error: EACCES, unlink '/usr/local/lib/node_modules/bower']
72 error   errno: -13,
72 error   code: 'EACCES',
72 error   path: '/usr/local/lib/node_modules/bower' }
73 error Please try running this command again as root/Administrator.
74 verbose exit [ -13, true ]
75 verbose unbuild lib/node_modules/bower
76 info preuninstall bower@1.3.12
77 info uninstall bower@1.3.12
78 verbose unbuild rmStuff bower@1.3.12 from /usr/local/lib/node_modules
79 verbose gentlyRm verifying that /usr/local is managed by npm
80 silly isManaged /usr/local is not inside /usr/local/lib/node_modules
81 silly isManaged /usr/local is not inside /usr/local/lib/node_modules
82 silly isManaged /usr/local/bin is inside /usr/local
83 silly gentlyRm /usr/local is managed by npm
84 silly gentlyRm /usr/local/bin/bower is under /usr/local
85 verbose gentlyRm vacuuming /usr/local/bin/bower up to /usr/local
86 info postuninstall bower@1.3.12
87 verbose gentlyRm vacuuming /usr/local/lib/node_modules/bower
88 silly gentlyRm purging /usr/local/lib/node_modules/bower
89 error error rolling back Error: EACCES, unlink '/usr/local/lib/node_modules/bower'
89 error error rolling back     at Error (native)
89 error error rolling back  { [Error: EACCES, unlink '/usr/local/lib/node_modules/bower']
89 error error rolling back   errno: -13,
89 error error rolling back   code: 'EACCES',
89 error error rolling back   path: '/usr/local/lib/node_modules/bower' }
